Arguments: 
  /Users/kendrickgardner/.nvm/versions/node/v9.11.1/bin/node /usr/local/bin/yarn add webpack-cli react-hot-loader

PATH: 
  /Users/kendrickgardner/.rvm/gems/ruby-2.4.1/bin:/Users/kendrickgardner/.rvm/gems/ruby-2.4.1@global/bin:/Users/kendrickgardner/.rvm/rubies/ruby-2.4.1/bin:/Users/kendrickgardner/.nvm/versions/node/v9.11.1/bin:/usr/local/bin:/bin:/sbin:/usr/bin:/usr/local/sbin:/usr/local/bin:/usr/local/bin:/usr/bin:/bin:/usr/sbin:/sbin:/Users/kendrickgardner/.rvm/bin

Yarn version: 
  1.3.2

Node version: 
  9.11.1

Platform: 
  darwin x64

npm manifest: 
  {
    "name": "WordScramble",
    "version": "1.0.0",
    "description": "Race !",
    "main": "index.js",
    "scripts": {
      "test": "echo \"Error: no test specified\" && exit 1",
      "build": "webpack --watch",
    },
    "repository": {
      "type": "git",
      "url": "git+"
    },
    "author": "",
    "license": "ISC",
    "bugs": {
      "url": ""
    },
    "homepage": "",
    "dependencies": {
      "axios": "^0.17.1",
      "babel-core": "^6.26.0",
      "babel-loader": "^7.1.2",
      "babel-plugin-transform-class-properties": "^6.24.1",
      "babel-preset-env": "^1.6.1",
      "babel-preset-react": "^6.24.1",
      "react": "^16.2.0",
      "react-bootstrap": "^0.31.5",
      "react-dom": "^16.2.0",
      "react-router-dom": "^4.2.2",
      "webpack": "^3.10.0",
      "webpack-dev-server": "^2.9.7"
    }
  }

yarn manifest: 
  No manifest

Lockfile: 
  No lockfile

Trace: 
  SyntaxError: /Users/kendrickgardner/Documents/web-projects/word-scramble/package.json: Unexpected token } in JSON at position 207
      at JSON.parse (<anonymous>)
      at /usr/local/lib/node_modules/yarn/lib/cli.js:770:59
      at Generator.next (<anonymous>)
      at step (/usr/local/lib/node_modules/yarn/lib/cli.js:92:30)
      at /usr/local/lib/node_modules/yarn/lib/cli.js:103:13
      at <anonymous>
